2023-11-16 14:59:13,086 - CC_GUI.cc_app - INFO - __init__ - Starting up the CarbonCheck Application.
2023-11-16 14:59:13,086 - CC_GUI.cc_app - DEBUG - __init__ - application_path: /Users/em/Dropbox/bldgtyp-00/00_PH_Tools/CarbonCheck/CC_GUI
2023-11-16 14:59:13,086 - CC_GUI.cc_app - DEBUG - __init__ - log_path: /Users/em/Dropbox/bldgtyp-00/00_PH_Tools/CarbonCheck/CC_GUI/Logs/_cc_log_2023-11-16_14-59-13.log
2023-11-16 14:59:13,086 - CC_GUI.views.view_main_window - DEBUG - __init__ - Loading UI Layout from QtDesigner.
2023-11-16 14:59:13,197 - CC_GUI.cc_model - DEBUG - __init__ - Initializing CCModel.
2023-11-16 14:59:13,197 - CC_GUI.cc_model - DEBUG - _configure_worker_threads - Configuring worker threads.
2023-11-16 14:59:13,197 - CC_GUI.cc_model - DEBUG - _create_workers - Creating worker threads.
2023-11-16 14:59:13,197 - CC_GUI.cc_model - DEBUG - _start_worker_threads - Starting worker threads.
2023-11-16 14:59:13,197 - CC_GUI.cc_model - DEBUG - _connect_worker_signals - Connecting worker signals.
2023-11-16 14:59:13,199 - CC_GUI.cc_model - DEBUG - __init__ - CCModel successfully initialized.
2023-11-16 14:59:13,199 - CC_GUI.cc_model - DEBUG - __init__ - CCModel.output_format=/Users/em/Dropbox/bldgtyp-00/00_PH_Tools/CarbonCheck/NBDM/model/output_format.py.
2023-11-16 14:59:13,199 - CC_GUI.cc_model - DEBUG - __init__ - CCModel.application_path=/Users/em/Dropbox/bldgtyp-00/00_PH_Tools/CarbonCheck/CC_GUI.
2023-11-16 14:59:13,199 - CC_GUI.cc_app - DEBUG - __init__ - Creating Tab_Report...
2023-11-16 14:59:13,200 - CC_GUI.views.view_team_site_window - DEBUG - __init__ - Loading Team/Site UI Layout from QtDesigner.
2023-11-16 14:59:13,201 - CC_GUI.views.view_building_components - DEBUG - __init__ - Loading Bldg-Component UI Layout from QtDesigner.
2023-11-16 14:59:13,203 - CC_GUI.cc_app - DEBUG - __init__ - Tab_Report successfully setup.
2023-11-16 14:59:13,203 - CC_GUI.cc_app - DEBUG - __init__ - Creating Tab_PHPPBaseline...
2023-11-16 14:59:13,203 - CC_GUI.views.view_baseline_options_window - DEBUG - __init__ - Loading UI Layout from QtDesigner.
2023-11-16 14:59:13,204 - CC_GUI.cc_app - DEBUG - populate_dropdown_codes - Populating dropdown menu with available Baseline Building Codes
2023-11-16 14:59:13,204 - CC_GUI.cc_app - DEBUG - populate_dropdown_climate_zones - Populating dropdown menu with available Climate Zones
2023-11-16 14:59:13,204 - CC_GUI.cc_app - DEBUG - populate_dropdown_use_types - Populating dropdown menu with available Use-Types
2023-11-16 14:59:13,204 - CC_GUI.cc_app - DEBUG - populate_dropdown_pf_groups - Populating dropdown menu with available PF Groups
2023-11-16 14:59:13,204 - CC_GUI.cc_app - DEBUG - __init__ - Tab_PHPPBaseline successfully setup.
2023-11-16 14:59:13,205 - CC_GUI.cc_app - DEBUG - _connect_all_button_signals - Connecting signals and slots...
2023-11-16 14:59:13,208 - CC_GUI.cc_app - DEBUG - _connect_all_button_signals - Done connecting signals and slots.
2023-11-16 14:59:13,208 - CC_GUI.cc_app - DEBUG - _connect_button_loggers - Connecting button loggers...
2023-11-16 14:59:13,232 - CC_GUI.cc_app - DEBUG - _connect_action_loggers - Connecting action loggers...
2023-11-16 14:59:13,255 - CC_GUI.cc_app - INFO - __init__ - Finished starting up Application.
2023-11-16 14:59:15,700 - CC_GUI.cc_model - DEBUG - update_treeview_bldg_components - Updating treeView building-component data.
2023-11-16 14:59:15,701 - CC_GUI.cc_model - DEBUG - update_treeview_bldg_components - Updating treeView Assemblies from the Project.
2023-11-16 14:59:15,701 - CC_GUI.cc_model - DEBUG - update_treeview_bldg_components - Updating treeView Glazings from the Project.
2023-11-16 14:59:15,701 - CC_GUI.cc_model - DEBUG - update_treeview_bldg_components - Updating treeView Appliances from the Project.
2023-11-16 14:59:15,701 - CC_GUI.cc_model - DEBUG - update_treeview_bldg_components - Updating treeView Heating Devices from the Project.
2023-11-16 14:59:15,701 - CC_GUI.cc_model - DEBUG - update_treeview_bldg_components - Updating treeView Cooling Devices from the Project.
2023-11-16 14:59:15,701 - CC_GUI.cc_model - DEBUG - update_treeview_bldg_components - Updating treeView Ventilation Devices from the Project.
2023-11-16 14:59:15,701 - CC_GUI.cc_model - DEBUG - update_treeview_bldg_components - Updating treeView DHW Heater Devices from the Project.
2023-11-16 14:59:15,701 - CC_GUI.cc_model - DEBUG - update_treeview_bldg_components - Updating treeView DHW Tank Devices from the Project.
2023-11-16 14:59:15,701 - CC_GUI.cc_model - DEBUG - update_treeview_bldg_components - Updating treeView Renewable Energy Devices from the Project.
2023-11-16 14:59:15,701 - CC_GUI.cc_model - DEBUG - update_treeview_bldg_components - Updating treeView Renewable Energy Devices from the Project.
2023-11-16 14:59:15,704 - CC_GUI.cc_app - DEBUG - click_logger - User Clicked: btn_show_bldg_components
2023-11-16 14:59:25,947 - CC_GUI.cc_app - DEBUG - click_logger - User Clicked: btn_add_bldg_component_info
2023-11-16 14:59:25,947 - root - WUFI - logForLevel - Reading Building Component data from WUFI-PDF file: '/Users/em/Dropbox/bldgtyp-00/00_PH_Tools/CarbonCheck/tests/_source_pdf/ridgeway_proposed.pdf'
2023-11-16 14:59:25,948 - root - WUFI - logForLevel - Opening WUFI-PDF file: 'ridgeway_proposed.pdf'
2023-11-16 14:59:25,948 - root - INFO - __init__ - Initializing PDFReader
2023-11-16 14:59:25,949 - root - INFO - load_pdf_file_data - Reading in the PDF file: /Users/em/Dropbox/bldgtyp-00/00_PH_Tools/CarbonCheck/tests/_source_pdf/ridgeway_proposed.pdf
2023-11-16 14:59:25,949 - root - INFO - load_pdf_file_data - Looking for sections: '['__DEFAULT__', 'ANNUAL HEAT DEMAND ANNUAL COOLING DEMAND', 'AREAS', 'Assemblies/window types', 'ELECTRICITY DEMAND - AUXILIARY ELECTRICITY', 'BUILDING INFORMATION', 'BUILDING ELEMENTS', 'Calculation parameters', 'CLIMATE', 'Climate', 'DHW AND DISTRIBUTION', 'Summary building envelope', 'HEAT FLOW - HEATING PERIOD', 'HVAC', 'INTERNAL HEAT GAINS', 'HEATING LOAD COOLING LOAD', 'Passive house data', 'PASSIVEHOUSE RECOMMENDATIONS', 'PASSIVEHOUSE REQUIREMENTS', 'Project data', 'ELECTRICITY DEMAND RESIDENTIAL BUILDING', 'Results', 'SITE ENERGY MONTHLY REPORT', 'Property/Site', 'SPECIFIC HEAT/COOLING DEMAND MONTHLY', 'THERMAL BRIDGES', 'VENTILATION', 'WINDOWS', 'Zones / Components']'
2023-11-16 14:59:25,995 - root - INFO - load_pdf_file_data - Extracting Text from page: 1
2023-11-16 14:59:26,074 - root - INFO - load_pdf_file_data - Found PDF Section-Marker: in line 'BUILDING INFORMATION'.
2023-11-16 14:59:26,075 - root - INFO - load_pdf_file_data - Changing section to BUILDING INFORMATION.
2023-11-16 14:59:26,075 - root - INFO - load_pdf_file_data - Found PDF Section-Marker: in line 'PASSIVEHOUSE REQUIREMENTS'.
2023-11-16 14:59:26,075 - root - INFO - load_pdf_file_data - Changing section to PASSIVEHOUSE REQUIREMENTS.
2023-11-16 14:59:26,075 - root - INFO - load_pdf_file_data - Extracting Text from page: 2
2023-11-16 14:59:26,101 - root - INFO - load_pdf_file_data - Found PDF Section-Marker: in line 'PASSIVEHOUSE RECOMMENDATIONS'.
2023-11-16 14:59:26,101 - root - INFO - load_pdf_file_data - Changing section to PASSIVEHOUSE RECOMMENDATIONS.
2023-11-16 14:59:26,101 - root - INFO - load_pdf_file_data - Extracting Text from page: 3
2023-11-16 14:59:26,142 - root - INFO - load_pdf_file_data - Found PDF Section-Marker: in line 'BUILDING ELEMENTS'.
2023-11-16 14:59:26,142 - root - INFO - load_pdf_file_data - Changing section to BUILDING ELEMENTS.
2023-11-16 14:59:26,142 - root - INFO - load_pdf_file_data - Found PDF Section-Marker: in line 'HVAC'.
2023-11-16 14:59:26,142 - root - INFO - load_pdf_file_data - Changing section to HVAC.
2023-11-16 14:59:26,142 - root - INFO - load_pdf_file_data - Found PDF Section-Marker: in line 'HEAT FLOW - HEATING PERIOD'.
2023-11-16 14:59:26,142 - root - INFO - load_pdf_file_data - Changing section to HEAT FLOW - HEATING PERIOD.
2023-11-16 14:59:26,142 - root - INFO - load_pdf_file_data - Extracting Text from page: 4
2023-11-16 14:59:26,330 - root - INFO - load_pdf_file_data - Found PDF Section-Marker: in line 'CLIMATE'.
2023-11-16 14:59:26,330 - root - INFO - load_pdf_file_data - Changing section to CLIMATE.
2023-11-16 14:59:26,330 - root - INFO - load_pdf_file_data - Found PDF Section-Marker: in line 'Calculation parameters'.
2023-11-16 14:59:26,330 - root - INFO - load_pdf_file_data - Changing section to Calculation parameters.
2023-11-16 14:59:26,330 - root - INFO - load_pdf_file_data - Extracting Text from page: 5
2023-11-16 14:59:26,365 - root - INFO - load_pdf_file_data - Found PDF Section-Marker: in line 'ANNUAL HEAT DEMAND ANNUAL COOLING DEMAND'.
2023-11-16 14:59:26,365 - root - INFO - load_pdf_file_data - Changing section to ANNUAL HEAT DEMAND ANNUAL COOLING DEMAND.
2023-11-16 14:59:26,365 - root - INFO - load_pdf_file_data - Extracting Text from page: 6
2023-11-16 14:59:26,387 - root - INFO - load_pdf_file_data - Found PDF Section-Marker: in line 'SPECIFIC HEAT/COOLING DEMAND MONTHLY'.
2023-11-16 14:59:26,388 - root - INFO - load_pdf_file_data - Changing section to SPECIFIC HEAT/COOLING DEMAND MONTHLY.
2023-11-16 14:59:26,388 - root - INFO - load_pdf_file_data - Extracting Text from page: 7
2023-11-16 14:59:26,418 - root - INFO - load_pdf_file_data - Found PDF Section-Marker: in line 'HEATING LOAD COOLING LOAD'.
2023-11-16 14:59:26,418 - root - INFO - load_pdf_file_data - Changing section to HEATING LOAD COOLING LOAD.
2023-11-16 14:59:26,418 - root - INFO - load_pdf_file_data - Found PDF Section-Marker: in line 'WINDOWS'.
2023-11-16 14:59:26,419 - root - INFO - load_pdf_file_data - Changing section to WINDOWS.
2023-11-16 14:59:26,419 - root - INFO - load_pdf_file_data - Extracting Text from page: 8
2023-11-16 14:59:26,576 - root - INFO - load_pdf_file_data - Found PDF Section-Marker: in line 'AREAS'.
2023-11-16 14:59:26,576 - root - INFO - load_pdf_file_data - Changing section to AREAS.
2023-11-16 14:59:26,576 - root - INFO - load_pdf_file_data - Extracting Text from page: 9
2023-11-16 14:59:26,727 - root - INFO - load_pdf_file_data - Extracting Text from page: 10
2023-11-16 14:59:26,803 - root - INFO - load_pdf_file_data - Extracting Text from page: 11
2023-11-16 14:59:26,845 - root - INFO - load_pdf_file_data - Extracting Text from page: 12
2023-11-16 14:59:26,884 - root - INFO - load_pdf_file_data - Found PDF Section-Marker: in line 'THERMAL BRIDGES'.
2023-11-16 14:59:26,884 - root - INFO - load_pdf_file_data - Changing section to THERMAL BRIDGES.
2023-11-16 14:59:26,884 - root - INFO - load_pdf_file_data - Extracting Text from page: 13
2023-11-16 14:59:27,090 - root - INFO - load_pdf_file_data - Found PDF Section-Marker: in line 'WINDOWS'.
2023-11-16 14:59:27,090 - root - INFO - load_pdf_file_data - Changing section to WINDOWS.
2023-11-16 14:59:27,091 - root - INFO - load_pdf_file_data - Extracting Text from page: 14
2023-11-16 14:59:27,354 - root - INFO - load_pdf_file_data - Extracting Text from page: 15
2023-11-16 14:59:27,545 - root - INFO - load_pdf_file_data - Extracting Text from page: 16
2023-11-16 14:59:27,738 - root - INFO - load_pdf_file_data - Extracting Text from page: 17
2023-11-16 14:59:27,933 - root - INFO - load_pdf_file_data - Extracting Text from page: 18
2023-11-16 14:59:28,215 - root - INFO - load_pdf_file_data - Extracting Text from page: 19
2023-11-16 14:59:28,405 - root - INFO - load_pdf_file_data - Extracting Text from page: 20
2023-11-16 14:59:28,646 - root - INFO - load_pdf_file_data - Extracting Text from page: 21
2023-11-16 14:59:28,834 - root - INFO - load_pdf_file_data - Extracting Text from page: 22
2023-11-16 14:59:29,123 - root - INFO - load_pdf_file_data - Extracting Text from page: 23
2023-11-16 14:59:29,315 - root - INFO - load_pdf_file_data - Extracting Text from page: 24
2023-11-16 14:59:29,509 - root - INFO - load_pdf_file_data - Extracting Text from page: 25
2023-11-16 14:59:29,703 - root - INFO - load_pdf_file_data - Extracting Text from page: 26
2023-11-16 14:59:30,077 - root - INFO - load_pdf_file_data - Extracting Text from page: 27
2023-11-16 14:59:30,272 - root - INFO - load_pdf_file_data - Extracting Text from page: 28
2023-11-16 14:59:30,349 - root - INFO - load_pdf_file_data - Extracting Text from page: 29
2023-11-16 14:59:30,421 - root - INFO - load_pdf_file_data - Extracting Text from page: 30
2023-11-16 14:59:30,492 - root - INFO - load_pdf_file_data - Extracting Text from page: 31
2023-11-16 14:59:30,563 - root - INFO - load_pdf_file_data - Extracting Text from page: 32
2023-11-16 14:59:30,643 - root - INFO - load_pdf_file_data - Extracting Text from page: 33
2023-11-16 14:59:30,713 - root - INFO - load_pdf_file_data - Extracting Text from page: 34
2023-11-16 14:59:30,787 - root - INFO - load_pdf_file_data - Extracting Text from page: 35
2023-11-16 14:59:30,858 - root - INFO - load_pdf_file_data - Extracting Text from page: 36
2023-11-16 14:59:31,070 - root - INFO - load_pdf_file_data - Extracting Text from page: 37
2023-11-16 14:59:31,161 - root - INFO - load_pdf_file_data - Extracting Text from page: 38
2023-11-16 14:59:31,261 - root - INFO - load_pdf_file_data - Extracting Text from page: 39
2023-11-16 14:59:31,337 - root - INFO - load_pdf_file_data - Extracting Text from page: 40
2023-11-16 14:59:31,407 - root - INFO - load_pdf_file_data - Extracting Text from page: 41
2023-11-16 14:59:31,480 - root - INFO - load_pdf_file_data - Extracting Text from page: 42
2023-11-16 14:59:31,551 - root - INFO - load_pdf_file_data - Extracting Text from page: 43
2023-11-16 14:59:31,623 - root - INFO - load_pdf_file_data - Extracting Text from page: 44
2023-11-16 14:59:31,657 - root - INFO - load_pdf_file_data - Extracting Text from page: 45
2023-11-16 14:59:31,730 - root - INFO - load_pdf_file_data - Extracting Text from page: 46
2023-11-16 14:59:31,801 - root - INFO - load_pdf_file_data - Extracting Text from page: 47
2023-11-16 14:59:31,872 - root - INFO - load_pdf_file_data - Extracting Text from page: 48
2023-11-16 14:59:31,948 - root - INFO - load_pdf_file_data - Extracting Text from page: 49
2023-11-16 14:59:32,204 - root - INFO - load_pdf_file_data - Extracting Text from page: 50
2023-11-16 14:59:32,273 - root - INFO - load_pdf_file_data - Extracting Text from page: 51
2023-11-16 14:59:32,346 - root - INFO - load_pdf_file_data - Extracting Text from page: 52
2023-11-16 14:59:32,420 - root - INFO - load_pdf_file_data - Extracting Text from page: 53
2023-11-16 14:59:32,495 - root - INFO - load_pdf_file_data - Extracting Text from page: 54
2023-11-16 14:59:32,569 - root - INFO - load_pdf_file_data - Extracting Text from page: 55
2023-11-16 14:59:32,662 - root - INFO - load_pdf_file_data - Extracting Text from page: 56
2023-11-16 14:59:32,737 - root - INFO - load_pdf_file_data - Extracting Text from page: 57
2023-11-16 14:59:32,807 - root - INFO - load_pdf_file_data - Extracting Text from page: 58
2023-11-16 14:59:32,878 - root - INFO - load_pdf_file_data - Extracting Text from page: 59
2023-11-16 14:59:32,950 - root - INFO - load_pdf_file_data - Extracting Text from page: 60
2023-11-16 14:59:32,994 - root - INFO - load_pdf_file_data - Found PDF Section-Marker: in line 'Summary building envelope'.
2023-11-16 14:59:32,994 - root - INFO - load_pdf_file_data - Changing section to Summary building envelope.
2023-11-16 14:59:32,994 - root - INFO - load_pdf_file_data - Extracting Text from page: 61
2023-11-16 14:59:33,025 - root - INFO - load_pdf_file_data - Extracting Text from page: 62
2023-11-16 14:59:33,080 - root - INFO - load_pdf_file_data - Found PDF Section-Marker: in line 'VENTILATION'.
2023-11-16 14:59:33,080 - root - INFO - load_pdf_file_data - Changing section to VENTILATION.
2023-11-16 14:59:33,080 - root - INFO - load_pdf_file_data - Extracting Text from page: 63
2023-11-16 14:59:33,154 - root - INFO - load_pdf_file_data - Found PDF Section-Marker: in line 'ELECTRICITY DEMAND - AUXILIARY ELECTRICITY'.
2023-11-16 14:59:33,154 - root - INFO - load_pdf_file_data - Changing section to ELECTRICITY DEMAND - AUXILIARY ELECTRICITY.
2023-11-16 14:59:33,154 - root - INFO - load_pdf_file_data - Found PDF Section-Marker: in line 'ELECTRICITY DEMAND RESIDENTIAL BUILDING'.
2023-11-16 14:59:33,154 - root - INFO - load_pdf_file_data - Changing section to ELECTRICITY DEMAND RESIDENTIAL BUILDING.
2023-11-16 14:59:33,154 - root - INFO - load_pdf_file_data - Extracting Text from page: 64
2023-11-16 14:59:33,181 - root - INFO - load_pdf_file_data - Found PDF Section-Marker: in line 'INTERNAL HEAT GAINS'.
2023-11-16 14:59:33,181 - root - INFO - load_pdf_file_data - Changing section to INTERNAL HEAT GAINS.
2023-11-16 14:59:33,182 - root - INFO - load_pdf_file_data - Extracting Text from page: 65
2023-11-16 14:59:33,208 - root - INFO - load_pdf_file_data - Found PDF Section-Marker: in line 'DHW AND DISTRIBUTION'.
2023-11-16 14:59:33,209 - root - INFO - load_pdf_file_data - Changing section to DHW AND DISTRIBUTION.
2023-11-16 14:59:33,209 - root - INFO - load_pdf_file_data - Extracting Text from page: 66
2023-11-16 14:59:33,242 - root - INFO - load_pdf_file_data - Found PDF Section-Marker: in line 'Property/Site'.
2023-11-16 14:59:33,242 - root - INFO - load_pdf_file_data - Changing section to Property/Site.
2023-11-16 14:59:33,242 - root - INFO - load_pdf_file_data - Extracting Text from page: 67
2023-11-16 14:59:33,280 - root - INFO - load_pdf_file_data - Extracting Text from page: 68
2023-11-16 14:59:33,327 - root - INFO - load_pdf_file_data - Extracting Text from page: 69
2023-11-16 14:59:33,375 - root - INFO - load_pdf_file_data - Extracting Text from page: 70
2023-11-16 14:59:33,598 - root - INFO - load_pdf_file_data - Extracting Text from page: 71
2023-11-16 14:59:33,652 - root - INFO - load_pdf_file_data - Extracting Text from page: 72
2023-11-16 14:59:33,727 - root - INFO - load_pdf_file_data - Extracting Text from page: 73
2023-11-16 14:59:33,775 - root - INFO - load_pdf_file_data - Extracting Text from page: 74
2023-11-16 14:59:33,825 - root - INFO - load_pdf_file_data - Extracting Text from page: 75
2023-11-16 14:59:33,866 - root - INFO - load_pdf_file_data - Extracting Text from page: 76
2023-11-16 14:59:33,912 - root - INFO - load_pdf_file_data - Extracting Text from page: 77
2023-11-16 14:59:33,958 - root - INFO - load_pdf_file_data - Extracting Text from page: 78
2023-11-16 14:59:33,998 - root - INFO - load_pdf_file_data - Extracting Text from page: 79
2023-11-16 14:59:34,042 - root - INFO - load_pdf_file_data - Extracting Text from page: 80
2023-11-16 14:59:34,092 - root - INFO - load_pdf_file_data - Extracting Text from page: 81
2023-11-16 14:59:34,133 - root - INFO - load_pdf_file_data - Extracting Text from page: 82
2023-11-16 14:59:34,181 - root - INFO - load_pdf_file_data - Extracting Text from page: 83
2023-11-16 14:59:34,233 - root - INFO - load_pdf_file_data - Extracting Text from page: 84
2023-11-16 14:59:34,276 - root - INFO - load_pdf_file_data - Extracting Text from page: 85
2023-11-16 14:59:34,321 - root - INFO - load_pdf_file_data - Extracting Text from page: 86
2023-11-16 14:59:34,368 - root - INFO - load_pdf_file_data - Extracting Text from page: 87
2023-11-16 14:59:34,410 - root - INFO - load_pdf_file_data - Extracting Text from page: 88
2023-11-16 14:59:34,462 - root - INFO - load_pdf_file_data - Extracting Text from page: 89
2023-11-16 14:59:34,511 - root - INFO - load_pdf_file_data - Extracting Text from page: 90
2023-11-16 14:59:34,561 - root - INFO - load_pdf_file_data - Extracting Text from page: 91
2023-11-16 14:59:34,607 - root - INFO - load_pdf_file_data - Extracting Text from page: 92
2023-11-16 14:59:34,656 - root - INFO - load_pdf_file_data - Extracting Text from page: 93
2023-11-16 14:59:34,703 - root - INFO - load_pdf_file_data - Extracting Text from page: 94
2023-11-16 14:59:34,752 - root - INFO - load_pdf_file_data - Extracting Text from page: 95
2023-11-16 14:59:34,804 - root - INFO - load_pdf_file_data - Extracting Text from page: 96
2023-11-16 14:59:34,852 - root - INFO - load_pdf_file_data - Extracting Text from page: 97
2023-11-16 14:59:34,897 - root - INFO - load_pdf_file_data - Extracting Text from page: 98
2023-11-16 14:59:34,946 - root - INFO - load_pdf_file_data - Extracting Text from page: 99
2023-11-16 14:59:34,988 - root - INFO - load_pdf_file_data - Extracting Text from page: 100
2023-11-16 14:59:35,035 - root - INFO - load_pdf_file_data - Extracting Text from page: 101
2023-11-16 14:59:35,082 - root - INFO - load_pdf_file_data - Extracting Text from page: 102
2023-11-16 14:59:35,118 - root - INFO - load_pdf_file_data - Extracting Text from page: 103
2023-11-16 14:59:35,165 - root - INFO - load_pdf_file_data - Extracting Text from page: 104
2023-11-16 14:59:35,186 - root - INFO - load_pdf_file_data - Extracting Text from page: 105
2023-11-16 14:59:35,212 - root - INFO - load_pdf_file_data - Extracting Text from page: 106
2023-11-16 14:59:35,281 - root - INFO - load_pdf_file_data - Extracting Text from page: 107
2023-11-16 14:59:35,325 - root - INFO - load_pdf_file_data - Extracting Text from page: 108
2023-11-16 14:59:35,348 - root - INFO - load_pdf_file_data - Extracting Text from page: 109
2023-11-16 14:59:35,654 - root - INFO - load_pdf_file_data - Extracting Text from page: 110
2023-11-16 14:59:35,711 - root - INFO - load_pdf_file_data - Extracting Text from page: 111
2023-11-16 14:59:35,779 - root - INFO - load_pdf_file_data - Found PDF Section-Marker: in line 'SITE ENERGY MONTHLY REPORT'.
2023-11-16 14:59:35,779 - root - INFO - load_pdf_file_data - Changing section to SITE ENERGY MONTHLY REPORT.
2023-11-16 14:59:35,779 - root - INFO - load_pdf_file_data - Extracting Table from page: 111
2023-11-16 14:59:35,796 - root - INFO - load_pdf_file_data - Extracting Text from page: 112
2023-11-16 14:59:35,810 - root - INFO - load_pdf_file_data - Extracting Table from page: 112
2023-11-16 14:59:35,811 - root - INFO - load_pdf_file_data - Extracting Text from page: 113
2023-11-16 14:59:35,832 - root - INFO - load_pdf_file_data - Found PDF Section-Marker: in line 'Project data'.
2023-11-16 14:59:35,832 - root - INFO - load_pdf_file_data - Changing section to Project data.
2023-11-16 14:59:35,832 - root - INFO - load_pdf_file_data - Extracting Table from page: 113
2023-11-16 14:59:35,838 - root - INFO - load_pdf_file_data - Extracting Text from page: 114
2023-11-16 14:59:36,119 - root - INFO - load_pdf_file_data - Found PDF Section-Marker: in line 'Climate'.
2023-11-16 14:59:36,119 - root - INFO - load_pdf_file_data - Changing section to Climate.
2023-11-16 14:59:36,119 - root - INFO - load_pdf_file_data - Extracting Text from page: 115
2023-11-16 14:59:36,153 - root - INFO - load_pdf_file_data - Found PDF Section-Marker: in line 'Passive house data'.
2023-11-16 14:59:36,153 - root - INFO - load_pdf_file_data - Changing section to Passive house data.
2023-11-16 14:59:36,153 - root - INFO - load_pdf_file_data - Extracting Text from page: 116
2023-11-16 14:59:36,174 - root - INFO - load_pdf_file_data - Extracting Text from page: 117
2023-11-16 14:59:36,207 - root - INFO - load_pdf_file_data - Found PDF Section-Marker: in line 'Zones / Components'.
2023-11-16 14:59:36,207 - root - INFO - load_pdf_file_data - Changing section to Zones / Components.
2023-11-16 14:59:36,207 - root - INFO - load_pdf_file_data - Extracting Text from page: 118
2023-11-16 14:59:36,366 - root - INFO - load_pdf_file_data - Extracting Text from page: 119
2023-11-16 14:59:36,574 - root - INFO - load_pdf_file_data - Extracting Text from page: 120
2023-11-16 14:59:36,807 - root - INFO - load_pdf_file_data - Extracting Text from page: 121
2023-11-16 14:59:36,905 - root - INFO - load_pdf_file_data - Extracting Text from page: 122
2023-11-16 14:59:36,940 - root - INFO - load_pdf_file_data - Extracting Text from page: 123
2023-11-16 14:59:36,975 - root - INFO - load_pdf_file_data - Extracting Text from page: 124
2023-11-16 14:59:37,011 - root - INFO - load_pdf_file_data - Extracting Text from page: 125
2023-11-16 14:59:37,066 - root - INFO - load_pdf_file_data - Extracting Text from page: 126
2023-11-16 14:59:37,103 - root - INFO - load_pdf_file_data - Extracting Text from page: 127
2023-11-16 14:59:37,140 - root - INFO - load_pdf_file_data - Extracting Text from page: 128
2023-11-16 14:59:37,176 - root - INFO - load_pdf_file_data - Extracting Text from page: 129
2023-11-16 14:59:37,214 - root - INFO - load_pdf_file_data - Extracting Text from page: 130
2023-11-16 14:59:37,251 - root - INFO - load_pdf_file_data - Extracting Text from page: 131
2023-11-16 14:59:37,287 - root - INFO - load_pdf_file_data - Extracting Text from page: 132
2023-11-16 14:59:37,326 - root - INFO - load_pdf_file_data - Extracting Text from page: 133
2023-11-16 14:59:37,367 - root - INFO - load_pdf_file_data - Extracting Text from page: 134
2023-11-16 14:59:37,409 - root - INFO - load_pdf_file_data - Extracting Text from page: 135
2023-11-16 14:59:37,444 - root - INFO - load_pdf_file_data - Extracting Text from page: 136
2023-11-16 14:59:37,479 - root - INFO - load_pdf_file_data - Extracting Text from page: 137
2023-11-16 14:59:37,515 - root - INFO - load_pdf_file_data - Extracting Text from page: 138
2023-11-16 14:59:37,554 - root - INFO - load_pdf_file_data - Extracting Text from page: 139
2023-11-16 14:59:37,592 - root - INFO - load_pdf_file_data - Extracting Text from page: 140
2023-11-16 14:59:37,631 - root - INFO - load_pdf_file_data - Extracting Text from page: 141
2023-11-16 14:59:37,668 - root - INFO - load_pdf_file_data - Extracting Text from page: 142
2023-11-16 14:59:37,696 - root - INFO - load_pdf_file_data - Extracting Text from page: 143
2023-11-16 14:59:37,718 - root - INFO - load_pdf_file_data - Extracting Text from page: 144
2023-11-16 14:59:37,757 - root - INFO - load_pdf_file_data - Found PDF Section-Marker: in line 'Assemblies/window types'.
2023-11-16 14:59:37,757 - root - INFO - load_pdf_file_data - Changing section to Assemblies/window types.
2023-11-16 14:59:37,757 - root - INFO - load_pdf_file_data - Extracting Text from page: 145
2023-11-16 14:59:37,805 - root - INFO - load_pdf_file_data - Extracting Text from page: 146
2023-11-16 14:59:37,854 - root - INFO - load_pdf_file_data - Extracting Text from page: 147
2023-11-16 14:59:37,897 - root - INFO - load_pdf_file_data - Extracting Text from page: 148
2023-11-16 14:59:37,945 - root - INFO - load_pdf_file_data - Extracting Text from page: 149
2023-11-16 14:59:38,001 - root - INFO - load_pdf_file_data - Extracting Text from page: 150
2023-11-16 14:59:38,303 - root - INFO - load_pdf_file_data - Extracting Text from page: 151
2023-11-16 14:59:38,354 - root - INFO - load_pdf_file_data - Extracting Text from page: 152
2023-11-16 14:59:38,400 - root - INFO - load_pdf_file_data - Extracting Text from page: 153
2023-11-16 14:59:38,447 - root - INFO - load_pdf_file_data - Extracting Text from page: 154
2023-11-16 14:59:38,490 - root - INFO - load_pdf_file_data - Extracting Text from page: 155
2023-11-16 14:59:38,539 - root - INFO - load_pdf_file_data - Extracting Text from page: 156
2023-11-16 14:59:38,587 - root - INFO - load_pdf_file_data - Extracting Text from page: 157
2023-11-16 14:59:38,638 - root - INFO - load_pdf_file_data - Extracting Text from page: 158
2023-11-16 14:59:38,686 - root - INFO - load_pdf_file_data - Extracting Text from page: 159
2023-11-16 14:59:38,738 - root - INFO - load_pdf_file_data - Extracting Text from page: 160
2023-11-16 14:59:38,775 - root - INFO - load_pdf_file_data - Extracting Text from page: 161
2023-11-16 14:59:38,820 - root - INFO - load_pdf_file_data - Extracting Text from page: 162
2023-11-16 14:59:38,859 - root - INFO - load_pdf_file_data - Extracting Text from page: 163
2023-11-16 14:59:38,890 - root - INFO - load_pdf_file_data - Extracting Text from page: 164
2023-11-16 14:59:38,946 - root - INFO - load_pdf_file_data - Extracting Text from page: 165
2023-11-16 14:59:39,003 - root - INFO - load_pdf_file_data - Extracting Text from page: 166
2023-11-16 14:59:39,043 - root - INFO - load_pdf_file_data - Extracting Text from page: 167
2023-11-16 14:59:39,094 - root - INFO - load_pdf_file_data - Extracting Text from page: 168
2023-11-16 14:59:39,142 - root - INFO - load_pdf_file_data - Extracting Text from page: 169
2023-11-16 14:59:39,183 - root - INFO - load_pdf_file_data - Extracting Text from page: 170
2023-11-16 14:59:39,231 - root - INFO - load_pdf_file_data - Extracting Text from page: 171
2023-11-16 14:59:39,281 - root - INFO - load_pdf_file_data - Extracting Text from page: 172
2023-11-16 14:59:39,323 - root - INFO - load_pdf_file_data - Extracting Text from page: 173
2023-11-16 14:59:39,377 - root - INFO - load_pdf_file_data - Extracting Text from page: 174
2023-11-16 14:59:39,429 - root - INFO - load_pdf_file_data - Extracting Text from page: 175
2023-11-16 14:59:39,472 - root - INFO - load_pdf_file_data - Extracting Text from page: 176
2023-11-16 14:59:39,516 - root - INFO - load_pdf_file_data - Extracting Text from page: 177
2023-11-16 14:59:39,534 - root - INFO - load_pdf_file_data - Found PDF Section-Marker: in line 'HVAC'.
2023-11-16 14:59:39,534 - root - INFO - load_pdf_file_data - Changing section to HVAC.
2023-11-16 14:59:39,534 - root - INFO - load_pdf_file_data - Extracting Text from page: 178
2023-11-16 14:59:39,579 - root - INFO - load_pdf_file_data - Extracting Text from page: 179
2023-11-16 14:59:39,702 - root - INFO - load_pdf_file_data - Extracting Text from page: 180
2023-11-16 14:59:39,797 - root - INFO - load_pdf_file_data - Extracting Text from page: 181
2023-11-16 14:59:39,838 - root - INFO - load_pdf_file_data - Extracting Text from page: 182
2023-11-16 14:59:39,883 - root - INFO - load_pdf_file_data - Extracting Text from page: 183
2023-11-16 14:59:39,922 - root - INFO - load_pdf_file_data - Extracting Text from page: 184
2023-11-16 14:59:39,960 - root - INFO - load_pdf_file_data - Extracting Text from page: 185
2023-11-16 14:59:40,000 - root - INFO - load_pdf_file_data - Extracting Text from page: 186
2023-11-16 14:59:40,019 - root - INFO - load_pdf_file_data - Found PDF Section-Marker: in line 'Results'.
2023-11-16 14:59:40,019 - root - INFO - load_pdf_file_data - Changing section to Results.
2023-11-16 14:59:40,019 - root - INFO - process_all_sections - Processing Text from the PDF Section: __DEFAULT__
2023-11-16 14:59:40,019 - root - INFO - process_all_sections - Processing Text from the PDF Section: ANNUAL HEAT DEMAND ANNUAL COOLING DEMAND
2023-11-16 14:59:40,019 - root - INFO - process_all_sections - Processing Text from the PDF Section: AREAS
2023-11-16 14:59:40,019 - root - INFO - process_all_sections - Processing Text from the PDF Section: Assemblies/window types
2023-11-16 14:59:40,020 - root - INFO - process_all_sections - Processing Text from the PDF Section: ELECTRICITY DEMAND - AUXILIARY ELECTRICITY
2023-11-16 14:59:40,020 - root - INFO - process_all_sections - Processing Text from the PDF Section: BUILDING INFORMATION
2023-11-16 14:59:40,020 - root - INFO - process_all_sections - Processing Text from the PDF Section: BUILDING ELEMENTS
2023-11-16 14:59:40,020 - root - INFO - process_all_sections - Processing Text from the PDF Section: Calculation parameters
2023-11-16 14:59:40,020 - root - INFO - process_all_sections - Processing Text from the PDF Section: CLIMATE
2023-11-16 14:59:40,020 - root - INFO - process_all_sections - Processing Text from the PDF Section: Climate
2023-11-16 14:59:40,020 - root - INFO - process_all_sections - Processing Text from the PDF Section: DHW AND DISTRIBUTION
2023-11-16 14:59:40,020 - root - INFO - process_all_sections - Processing Text from the PDF Section: Summary building envelope
2023-11-16 14:59:40,020 - root - INFO - process_all_sections - Processing Text from the PDF Section: HEAT FLOW - HEATING PERIOD
2023-11-16 14:59:40,020 - root - INFO - process_all_sections - Processing Text from the PDF Section: HVAC
2023-11-16 14:59:40,021 - root - INFO - process_all_sections - Processing Text from the PDF Section: INTERNAL HEAT GAINS
2023-11-16 14:59:40,021 - root - INFO - process_all_sections - Processing Text from the PDF Section: HEATING LOAD COOLING LOAD
2023-11-16 14:59:40,021 - root - INFO - process_all_sections - Processing Text from the PDF Section: Passive house data
2023-11-16 14:59:40,021 - root - INFO - process_all_sections - Processing Text from the PDF Section: PASSIVEHOUSE RECOMMENDATIONS
2023-11-16 14:59:40,021 - root - INFO - process_all_sections - Processing Text from the PDF Section: PASSIVEHOUSE REQUIREMENTS
2023-11-16 14:59:40,021 - root - INFO - process_all_sections - Processing Text from the PDF Section: Project data
2023-11-16 14:59:40,021 - root - INFO - process_all_sections - Processing Text from the PDF Section: ELECTRICITY DEMAND RESIDENTIAL BUILDING
2023-11-16 14:59:40,021 - root - INFO - process_all_sections - Processing Text from the PDF Section: Results
2023-11-16 14:59:40,021 - root - INFO - process_all_sections - Processing Text from the PDF Section: SITE ENERGY MONTHLY REPORT
2023-11-16 14:59:40,022 - root - INFO - process_all_sections - Processing Text from the PDF Section: Property/Site
2023-11-16 14:59:40,022 - root - INFO - process_all_sections - Processing Text from the PDF Section: SPECIFIC HEAT/COOLING DEMAND MONTHLY
2023-11-16 14:59:40,022 - root - INFO - process_all_sections - Processing Text from the PDF Section: THERMAL BRIDGES
2023-11-16 14:59:40,022 - root - INFO - process_all_sections - Processing Text from the PDF Section: VENTILATION
2023-11-16 14:59:40,023 - root - INFO - process_all_sections - Processing Text from the PDF Section: WINDOWS
2023-11-16 14:59:40,023 - root - INFO - process_all_sections - Processing Text from the PDF Section: Zones / Components
2023-11-16 14:59:40,023 - root - WUFI - logForLevel - Done reading from WUFI-PDF file: 'ridgeway_proposed.pdf'
2023-11-16 14:59:40,027 - CC_GUI.cc_model - DEBUG - set_NBDM_project - Setting self.NBDM_project object.
2023-11-16 14:59:40,027 - CC_GUI.cc_model - DEBUG - set_NBDM_project - Updating treeView with new self.NBDM_project data.
2023-11-16 14:59:40,027 - CC_GUI.cc_model - DEBUG - update_treeview_team - Updating treeView team data.
2023-11-16 14:59:40,029 - CC_GUI.cc_model - DEBUG - update_treeview_baseline - Updating treeView baseline data.
2023-11-16 14:59:40,030 - CC_GUI.cc_model - DEBUG - update_treeview_proposed - Updating treeView proposed data.
2023-11-16 14:59:40,031 - CC_GUI.cc_model - DEBUG - update_treeview_bldg_components - Updating treeView building-component data.
2023-11-16 14:59:40,031 - CC_GUI.cc_model - DEBUG - update_treeview_bldg_components - Updating treeView Assemblies from the Project.
2023-11-16 14:59:40,031 - CC_GUI.cc_model - DEBUG - update_treeview_bldg_components - Updating treeView Glazings from the Project.
2023-11-16 14:59:40,032 - CC_GUI.cc_model - DEBUG - update_treeview_bldg_components - Updating treeView Appliances from the Project.
2023-11-16 14:59:40,032 - CC_GUI.cc_model - DEBUG - update_treeview_bldg_components - Updating treeView Heating Devices from the Project.
2023-11-16 14:59:40,032 - CC_GUI.cc_model - DEBUG - update_treeview_bldg_components - Updating treeView Cooling Devices from the Project.
2023-11-16 14:59:40,032 - CC_GUI.cc_model - DEBUG - update_treeview_bldg_components - Updating treeView Ventilation Devices from the Project.
2023-11-16 14:59:40,032 - CC_GUI.cc_model - DEBUG - update_treeview_bldg_components - Updating treeView DHW Heater Devices from the Project.
2023-11-16 14:59:40,032 - CC_GUI.cc_model - DEBUG - update_treeview_bldg_components - Updating treeView DHW Tank Devices from the Project.
2023-11-16 14:59:40,032 - CC_GUI.cc_model - DEBUG - update_treeview_bldg_components - Updating treeView Renewable Energy Devices from the Project.
2023-11-16 14:59:40,032 - CC_GUI.cc_model - DEBUG - update_treeview_bldg_components - Updating treeView Renewable Energy Devices from the Project.
2023-11-16 14:59:40,045 - CC_GUI.cc_model - DEBUG - set_NBDM_project - Setting self.NBDM_project object.
2023-11-16 14:59:40,045 - CC_GUI.cc_model - DEBUG - set_NBDM_project - Updating treeView with new self.NBDM_project data.
2023-11-16 14:59:40,045 - CC_GUI.cc_model - DEBUG - update_treeview_team - Updating treeView team data.
2023-11-16 14:59:40,047 - CC_GUI.cc_model - DEBUG - update_treeview_baseline - Updating treeView baseline data.
2023-11-16 14:59:40,048 - CC_GUI.cc_model - DEBUG - update_treeview_proposed - Updating treeView proposed data.
2023-11-16 14:59:40,048 - CC_GUI.cc_model - DEBUG - update_treeview_bldg_components - Updating treeView building-component data.
2023-11-16 14:59:40,048 - CC_GUI.cc_model - DEBUG - update_treeview_bldg_components - Updating treeView Assemblies from the Project.
2023-11-16 14:59:40,050 - CC_GUI.cc_model - DEBUG - update_treeview_bldg_components - Updating treeView Glazings from the Project.
2023-11-16 14:59:40,051 - CC_GUI.cc_model - DEBUG - update_treeview_bldg_components - Updating treeView Appliances from the Project.
2023-11-16 14:59:40,051 - CC_GUI.cc_model - DEBUG - update_treeview_bldg_components - Updating treeView Heating Devices from the Project.
2023-11-16 14:59:40,051 - CC_GUI.cc_model - DEBUG - update_treeview_bldg_components - Updating treeView Cooling Devices from the Project.
2023-11-16 14:59:40,051 - CC_GUI.cc_model - DEBUG - update_treeview_bldg_components - Updating treeView Ventilation Devices from the Project.
2023-11-16 14:59:40,052 - CC_GUI.cc_model - DEBUG - update_treeview_bldg_components - Updating treeView DHW Heater Devices from the Project.
2023-11-16 14:59:40,052 - CC_GUI.cc_model - DEBUG - update_treeview_bldg_components - Updating treeView DHW Tank Devices from the Project.
2023-11-16 14:59:40,052 - CC_GUI.cc_model - DEBUG - update_treeview_bldg_components - Updating treeView Renewable Energy Devices from the Project.
2023-11-16 14:59:40,052 - CC_GUI.cc_model - DEBUG - update_treeview_bldg_components - Updating treeView Renewable Energy Devices from the Project.
2023-11-16 15:00:58,366 - CC_GUI.cc_model - INFO - set_project_from_gui - Updating all Project data.
2023-11-16 15:00:58,366 - CC_GUI.views.view_team_site_window - INFO - get_treeView_data_team - Getting Project Team data from the GUI.
2023-11-16 15:00:58,366 - CC_GUI.cc_model - INFO - set_project_team_from_treeView_data - Updating the Project Team data.
2023-11-16 15:00:58,369 - CC_GUI.cc_model - DEBUG - update_treeview_team - Updating treeView team data.
2023-11-16 15:00:58,371 - CC_GUI.views.view_team_site_window - INFO - get_treeView_data_site - Getting Project Site data from the GUI.
2023-11-16 15:00:58,372 - CC_GUI.cc_model - INFO - set_project_site_from_treeView_data - Updating the Project Site data.
2023-11-16 15:00:58,372 - CC_GUI.cc_model - DEBUG - update_treeview_team - Updating treeView team data.
2023-11-16 15:00:58,374 - CC_GUI.views.view_main_window - INFO - sig_get_treeView_data_proposed_building - Getting Proposed Building Segment data from the GUI.
2023-11-16 15:00:58,375 - CC_GUI.cc_model - INFO - set_project_proposed_segments_from_treeView_data - Updating the Project Proposed Segments data.
2023-11-16 15:00:58,375 - CC_GUI.cc_model - ERROR - set_project_proposed_segments_from_treeView_data - No data passed to set_project_proposed_segments_from_treeView_data()
2023-11-16 15:00:58,375 - CC_GUI.views.view_main_window - INFO - get_treeView_data_baseline_building - Getting Baseline Building Segment data from the GUI.
2023-11-16 15:00:58,375 - CC_GUI.cc_model - INFO - set_project_baseline_segments_from_treeView_data - Updating the Project Baseline Segments data.
2023-11-16 15:00:58,375 - CC_GUI.cc_model - ERROR - set_project_baseline_segments_from_treeView_data - No data passed to set_project_baseline_segments_from_treeView_data()
2023-11-16 15:00:58,376 - CC_GUI.views.view_building_components - INFO - get_treeView_data_building_components - Getting Project Building Component data from the GUI.
2023-11-16 15:00:58,377 - CC_GUI.cc_model - INFO - set_project_bldg_components_from_treeView_data - Updating the Project Envelope data.
2023-11-16 15:00:58,377 - CC_GUI.cc_model - DEBUG - set_project_bldg_components_from_treeView_data - Building NBDM Project.envelope.assemblies from treeView data
2023-11-16 15:00:58,378 - CC_GUI.cc_model - DEBUG - set_project_bldg_components_from_treeView_data - Building NBDM Project.envelope.glazing from treeView data
2023-11-16 15:00:58,379 - CC_GUI.cc_model - DEBUG - set_project_bldg_components_from_treeView_data - Building NBDM Project.appliances from treeView data
2023-11-16 15:00:58,379 - CC_GUI.cc_model - DEBUG - _get_treeViewData_as_dict - No 'APPLIANCES' data found in the treeView_data passed to set_project_envelope_from_treeView_data()
2023-11-16 15:00:58,379 - CC_GUI.cc_model - DEBUG - set_project_bldg_components_from_treeView_data - Building NBDM Project.heating_systems from treeView data
2023-11-16 15:00:58,379 - CC_GUI.cc_model - DEBUG - set_project_bldg_components_from_treeView_data - Building NBDM Project.cooling_systems from treeView data
2023-11-16 15:00:58,379 - CC_GUI.cc_model - DEBUG - _get_treeViewData_as_dict - No 'COOLING' data found in the treeView_data passed to set_project_envelope_from_treeView_data()
2023-11-16 15:00:58,379 - CC_GUI.cc_model - DEBUG - set_project_bldg_components_from_treeView_data - Building NBDM Project.ventilation_systems from treeView data
2023-11-16 15:00:58,379 - CC_GUI.cc_model - DEBUG - set_project_bldg_components_from_treeView_data - Building NBDM Project.dhw_systems.heating_devices from treeView data
2023-11-16 15:00:58,379 - CC_GUI.cc_model - DEBUG - _get_treeViewData_as_dict - No 'HOT WATER HEATERS' data found in the treeView_data passed to set_project_envelope_from_treeView_data()
2023-11-16 15:00:58,379 - CC_GUI.cc_model - DEBUG - set_project_bldg_components_from_treeView_data - Building NBDM Project.dhw_systems.tank_devices from treeView data
2023-11-16 15:00:58,379 - CC_GUI.cc_model - DEBUG - set_project_bldg_components_from_treeView_data - Building NBDM Project.renewable_systems.solar_dhw from treeView data
2023-11-16 15:00:58,379 - CC_GUI.cc_model - DEBUG - _get_treeViewData_as_dict - No 'SOLAR HOT WATER' data found in the treeView_data passed to set_project_envelope_from_treeView_data()
2023-11-16 15:00:58,379 - CC_GUI.cc_model - DEBUG - set_project_bldg_components_from_treeView_data - Building NBDM Project.renewable_systems.solar_pv from treeView data
2023-11-16 15:00:58,379 - CC_GUI.cc_model - DEBUG - update_treeview_bldg_components - Updating treeView building-component data.
2023-11-16 15:00:58,379 - CC_GUI.cc_model - DEBUG - update_treeview_bldg_components - Updating treeView Assemblies from the Project.
2023-11-16 15:00:58,390 - CC_GUI.cc_model - DEBUG - update_treeview_bldg_components - Updating treeView Glazings from the Project.
2023-11-16 15:00:58,391 - CC_GUI.cc_model - DEBUG - update_treeview_bldg_components - Updating treeView Appliances from the Project.
2023-11-16 15:00:58,391 - CC_GUI.cc_model - DEBUG - update_treeview_bldg_components - Updating treeView Heating Devices from the Project.
2023-11-16 15:00:58,391 - CC_GUI.cc_model - DEBUG - update_treeview_bldg_components - Updating treeView Cooling Devices from the Project.
2023-11-16 15:00:58,391 - CC_GUI.cc_model - DEBUG - update_treeview_bldg_components - Updating treeView Ventilation Devices from the Project.
2023-11-16 15:00:58,391 - CC_GUI.cc_model - DEBUG - update_treeview_bldg_components - Updating treeView DHW Heater Devices from the Project.
2023-11-16 15:00:58,391 - CC_GUI.cc_model - DEBUG - update_treeview_bldg_components - Updating treeView DHW Tank Devices from the Project.
2023-11-16 15:00:58,391 - CC_GUI.cc_model - DEBUG - update_treeview_bldg_components - Updating treeView Renewable Energy Devices from the Project.
2023-11-16 15:00:58,391 - CC_GUI.cc_model - DEBUG - update_treeview_bldg_components - Updating treeView Renewable Energy Devices from the Project.
2023-11-16 15:00:58,406 - CC_GUI.views.view_building_components - DEBUG - close_window - Closing Bldg-Component Window.
2023-11-16 15:00:58,409 - CC_GUI.cc_app - DEBUG - click_logger - User Clicked: btn_OK
2023-11-16 15:01:00,437 - CC_GUI.cc_model - DEBUG - update_treeview_bldg_components - Updating treeView building-component data.
2023-11-16 15:01:00,437 - CC_GUI.cc_model - DEBUG - update_treeview_bldg_components - Updating treeView Assemblies from the Project.
2023-11-16 15:01:00,437 - CC_GUI.cc_model - DEBUG - update_treeview_bldg_components - Updating treeView Glazings from the Project.
2023-11-16 15:01:00,439 - CC_GUI.cc_model - DEBUG - update_treeview_bldg_components - Updating treeView Appliances from the Project.
2023-11-16 15:01:00,439 - CC_GUI.cc_model - DEBUG - update_treeview_bldg_components - Updating treeView Heating Devices from the Project.
2023-11-16 15:01:00,439 - CC_GUI.cc_model - DEBUG - update_treeview_bldg_components - Updating treeView Cooling Devices from the Project.
2023-11-16 15:01:00,439 - CC_GUI.cc_model - DEBUG - update_treeview_bldg_components - Updating treeView Ventilation Devices from the Project.
2023-11-16 15:01:00,439 - CC_GUI.cc_model - DEBUG - update_treeview_bldg_components - Updating treeView DHW Heater Devices from the Project.
2023-11-16 15:01:00,439 - CC_GUI.cc_model - DEBUG - update_treeview_bldg_components - Updating treeView DHW Tank Devices from the Project.
2023-11-16 15:01:00,439 - CC_GUI.cc_model - DEBUG - update_treeview_bldg_components - Updating treeView Renewable Energy Devices from the Project.
2023-11-16 15:01:00,439 - CC_GUI.cc_model - DEBUG - update_treeview_bldg_components - Updating treeView Renewable Energy Devices from the Project.
2023-11-16 15:01:00,452 - CC_GUI.cc_app - DEBUG - click_logger - User Clicked: btn_show_bldg_components
